<?xml version="1.0" encoding="UTF-8"?>
<testsuite name="JUnit Jupiter" tests="0" skipped="0" failures="0" errors="0" time="0.011" hostname="Jianbos-iMac.local" timestamp="2020-02-14T18:28:47">
<properties>
<property name="awt.toolkit" value="sun.lwawt.macosx.LWCToolkit"/>
<property name="file.encoding" value="UTF-8"/>
<property name="file.encoding.pkg" value="sun.io"/>
<property name="file.separator" value="/"/>
<property name="gopherProxySet" value="false"/>
<property name="java.awt.graphicsenv" value="sun.awt.CGraphicsEnvironment"/>
<property name="java.awt.printerjob" value="sun.lwawt.macosx.CPrinterJob"/>
<property name="java.class.path" value="/Users/jianbojia/Desktop/Microservices_in_Action/OnJava8-Examples/onjava/build/classes/test:/Users/jianbojia/Desktop/Microservices_in_Action/OnJava8-Examples/onjava/build/resources/test:/Users/jianbojia/Desktop/Microservices_in_Action/OnJava8-Examples/onjava/build/classes/main:/Users/jianbojia/Desktop/Microservices_in_Action/OnJava8-Examples/onjava/build/resources/main:/Users/jianbojia/.gradle/caches/modules-2/files-2.1/org.slf4j/slf4j-api/1.7.21/139535a69a4239db087de9bab0bee568bf8e0b70/slf4j-api-1.7.21.jar:/Users/jianbojia/.gradle/caches/modules-2/files-2.1/ch.qos.logback/logback-classic/1.1.7/9865cf6994f9ff13fce0bf93f2054ef6c65bb462/logback-classic-1.1.7.jar:/Users/jianbojia/.gradle/caches/modules-2/files-2.1/org.junit.jupiter/junit-jupiter-api/5.0.0-M2/8227f1e8ce8c1badea96a58fd3e9fc266c674487/junit-jupiter-api-5.0.0-M2.jar:/Users/jianbojia/.gradle/caches/modules-2/files-2.1/org.junit.jupiter/junit-jupiter-engine/5.0.0-M2/2e6493b9e7a1b7954c365065b393bc44f4008d84/junit-jupiter-engine-5.0.0-M2.jar:/Users/jianbojia/.gradle/caches/modules-2/files-2.1/ch.qos.logback/logback-core/1.1.7/7873092d39ef741575ca91378a6a21c388363ac8/logback-core-1.1.7.jar:/Users/jianbojia/.gradle/caches/modules-2/files-2.1/org.opentest4j/opentest4j/1.0.0-M1/b091255eafd515995a5c5fa042cd8db6f4860bf6/opentest4j-1.0.0-M1.jar:/Users/jianbojia/.gradle/caches/modules-2/files-2.1/org.junit.platform/junit-platform-commons/1.0.0-M2/a6f1f88b10512623ed14e8b93be10b7590f74c11/junit-platform-commons-1.0.0-M2.jar:/Users/jianbojia/.gradle/caches/modules-2/files-2.1/org.junit.platform/junit-platform-engine/1.0.0-M2/fe36ee348295ec740b068b3dd46ec5c733134eb5/junit-platform-engine-1.0.0-M2.jar:/Users/jianbojia/.gradle/caches/modules-2/files-2.1/org.junit.platform/junit-platform-launcher/1.0.0-M2/2c7f203cd470023891184a6e52d9562c9cc729bc/junit-platform-launcher-1.0.0-M2.jar:/Users/jianbojia/.gradle/caches/modules-2/files-2.1/org.junit.platform/junit-platform-console/1.0.0-M2/e5976edd133c6966f56471d37bf89f86f86df62c/junit-platform-console-1.0.0-M2.jar:/Users/jianbojia/.gradle/caches/modules-2/files-2.1/net.sf.jopt-simple/jopt-simple/5.0.2/98cafc6081d5632b61be2c9e60650b64ddbc637c/jopt-simple-5.0.2.jar"/>
<property name="java.class.version" value="52.0"/>
<property name="java.endorsed.dirs" value="/Library/Java/JavaVirtualMachines/jdk1.8.0_231.jdk/Contents/Home/jre/lib/endorsed"/>
<property name="java.ext.dirs" value="/Users/jianbojia/Library/Java/Extensions:/Library/Java/JavaVirtualMachines/jdk1.8.0_231.jdk/Contents/Home/jre/lib/ext:/Library/Java/Extensions:/Network/Library/Java/Extensions:/System/Library/Java/Extensions:/usr/lib/java"/>
<property name="java.home" value="/Library/Java/JavaVirtualMachines/jdk1.8.0_231.jdk/Contents/Home/jre"/>
<property name="java.io.tmpdir" value="/var/folders/yq/n405zxmd31x5t3x2np37cfmr0000gn/T/"/>
<property name="java.library.path" value="/Users/jianbojia/Library/Java/Extensions:/Library/Java/Extensions:/Network/Library/Java/Extensions:/System/Library/Java/Extensions:/usr/lib/java:."/>
<property name="java.runtime.name" value="Java(TM) SE Runtime Environment"/>
<property name="java.runtime.version" value="1.8.0_231-b11"/>
<property name="java.specification.name" value="Java Platform API Specification"/>
<property name="java.specification.vendor" value="Oracle Corporation"/>
<property name="java.specification.version" value="1.8"/>
<property name="java.vendor" value="Oracle Corporation"/>
<property name="java.vendor.url" value="http://java.oracle.com/"/>
<property name="java.vendor.url.bug" value="http://bugreport.sun.com/bugreport/"/>
<property name="java.version" value="1.8.0_231"/>
<property name="java.vm.info" value="mixed mode"/>
<property name="java.vm.name" value="Java HotSpot(TM) 64-Bit Server VM"/>
<property name="java.vm.specification.name" value="Java Virtual Machine Specification"/>
<property name="java.vm.specification.vendor" value="Oracle Corporation"/>
<property name="java.vm.specification.version" value="1.8"/>
<property name="java.vm.vendor" value="Oracle Corporation"/>
<property name="java.vm.version" value="25.231-b11"/>
<property name="line.separator" value="
"/>
<property name="os.arch" value="x86_64"/>
<property name="os.name" value="Mac OS X"/>
<property name="os.version" value="10.15.1"/>
<property name="path.separator" value=":"/>
<property name="sun.arch.data.model" value="64"/>
<property name="sun.boot.class.path" value="/Library/Java/JavaVirtualMachines/jdk1.8.0_231.jdk/Contents/Home/jre/lib/resources.jar:/Library/Java/JavaVirtualMachines/jdk1.8.0_231.jdk/Contents/Home/jre/lib/rt.jar:/Library/Java/JavaVirtualMachines/jdk1.8.0_231.jdk/Contents/Home/jre/lib/sunrsasign.jar:/Library/Java/JavaVirtualMachines/jdk1.8.0_231.jdk/Contents/Home/jre/lib/jsse.jar:/Library/Java/JavaVirtualMachines/jdk1.8.0_231.jdk/Contents/Home/jre/lib/jce.jar:/Library/Java/JavaVirtualMachines/jdk1.8.0_231.jdk/Contents/Home/jre/lib/charsets.jar:/Library/Java/JavaVirtualMachines/jdk1.8.0_231.jdk/Contents/Home/jre/lib/jfr.jar:/Library/Java/JavaVirtualMachines/jdk1.8.0_231.jdk/Contents/Home/jre/classes"/>
<property name="sun.boot.library.path" value="/Library/Java/JavaVirtualMachines/jdk1.8.0_231.jdk/Contents/Home/jre/lib"/>
<property name="sun.cpu.endian" value="little"/>
<property name="sun.cpu.isalist" value=""/>
<property name="sun.io.unicode.encoding" value="UnicodeBig"/>
<property name="sun.java.command" value="org.junit.platform.console.ConsoleLauncher --hide-details --all -n .* -r /Users/jianbojia/Desktop/Microservices_in_Action/OnJava8-Examples/onjava/build/test-results/junit-platform /Users/jianbojia/Desktop/Microservices_in_Action/OnJava8-Examples/onjava/build/classes/main /Users/jianbojia/Desktop/Microservices_in_Action/OnJava8-Examples/onjava/build/resources/main /Users/jianbojia/Desktop/Microservices_in_Action/OnJava8-Examples/onjava/build/classes/test /Users/jianbojia/Desktop/Microservices_in_Action/OnJava8-Examples/onjava/build/resources/test"/>
<property name="sun.java.launcher" value="SUN_STANDARD"/>
<property name="sun.jnu.encoding" value="UTF-8"/>
<property name="sun.management.compiler" value="HotSpot 64-Bit Tiered Compilers"/>
<property name="sun.os.patch.level" value="unknown"/>
<property name="user.country" value="US"/>
<property name="user.dir" value="/Users/jianbojia/Desktop/Microservices_in_Action/OnJava8-Examples/onjava"/>
<property name="user.home" value="/Users/jianbojia"/>
<property name="user.language" value="en"/>
<property name="user.name" value="jianbojia"/>
<property name="user.timezone" value="America/Los_Angeles"/>
<property name="user.variant" value=""/>
</properties>
<system-out><![CDATA[
unique-id: [engine:junit-jupiter]
display-name: JUnit Jupiter
]]></system-out>
</testsuite>
